<?xml version="1.0" encoding="UTF-8" ?>
<testsuite tests="5" failures="0" name="stepdefs.TestRunner" time="78.362" errors="0" skipped="0">
  <properties>
[...]
</properties>
  <testcase classname="This feature will validate the login scenarios for simplilearn.com" name="Validate the Login failure scenario" time="17.633"/>
  <testcase classname="This feature will validate the login scenarios for simplilearn.com" name="Validate the Login failure scenario using parameters" time="16.675"/>
  <testcase classname="This feature will validate the login scenarios for simplilearn.com" name="Validate the Login failure scenario using scenario outline" time="16.112"/>
  <testcase classname="This feature will validate the login scenarios for simplilearn.com" name="Validate the Login failure scenario using scenario outline" time="16.244"/>
  <testcase classname="This feature will validate the login scenarios for simplilearn.com" name="Validate the different login options present on the login screen" time="11.698"/>
</testsuite>